<?xml version="1.0" encoding="UTF-8"?>
<!-- Generated by org.testng.reporters.JUnitReportReporter -->
<testsuite skipped="0" hostname="DESKTOP-B31L15A" name="runner.MyRunner" tests="2" failures="0" timestamp="2021-06-11T20:27:21 PDT" time="40.718" errors="1">
  <testcase name="runScenario" time="27.198" classname="runner.MyRunner">
    <error type="java.lang.NullPointerException">
      <![CDATA[java.lang.NullPointerException
at managers.WebDriverManager.logFailure(WebDriverManager.java:134)
at managers.WebDriverManager.findElement(WebDriverManager.java:95)
at managers.WebDriverManager.click(WebDriverManager.java:108)
at pages.HomePage.userSignUp(HomePage.java:31)
at steps.UserRegistration.click_signUp(UserRegistration.java:38)
at ✽.I click on sign up link(file:///C:/eclipse-workspace/Test/src/test/resources/User.feature:10)
]]>
    </error>
  </testcase> <!-- runScenario -->
  <system-out/>
  <testcase name="runScenario" time="13.520" classname="runner.MyRunner"/>
  <system-out/>
</testsuite> <!-- runner.MyRunner -->
