<?xml version="1.0" encoding="UTF-8"?>
<!-- Generated by org.testng.reporters.JUnitXMLReporter -->
<testsuite hostname="DESKTOP-B31L15A" ignored="0" name="Default test" tests="2" failures="1" timestamp="2021-06-11T20:27:21 PDT" time="41.644" errors="0">
  <testcase name="runScenario" time="13.52" classname="io.cucumber.testng.AbstractTestNGCucumberTests"/>
  <testcase name="runScenario" time="27.198" classname="io.cucumber.testng.AbstractTestNGCucumberTests">
    <failure type="java.lang.NullPointerException">
      <![CDATA[java.lang.NullPointerException
at managers.WebDriverManager.logFailure(WebDriverManager.java:134)
at managers.WebDriverManager.findElement(WebDriverManager.java:95)
at managers.WebDriverManager.click(WebDriverManager.java:108)
at pages.HomePage.userSignUp(HomePage.java:31)
at steps.UserRegistration.click_signUp(UserRegistration.java:38)
at ✽.I click on sign up link(file:///C:/eclipse-workspace/Test/src/test/resources/User.feature:10)
]]>
    </failure>
  </testcase> <!-- runScenario -->
</testsuite> <!-- Default test -->
